This is pdfTeX, Version 3.1415926-2.4-1.40.13 (TeX Live 2012) (format=prv_luisZavaleta_ingles 2018.1.21)  21 JAN 2018 22:33
entering extended mode
 restricted \write18 enabled.
 %&-line parsing enabled.
**&prv_luisZavaleta_ingles _region_.tex
(./_region_.tex
LaTeX2e <2011/06/27>
Babel <v3.8m> and hyphenation patterns for english, dumylang, nohyphenation, ge
rman-x-2012-05-30, ngerman-x-2012-05-30, afrikaans, ancientgreek, ibycus, arabi
c, armenian, basque, bulgarian, catalan, pinyin, coptic, croatian, czech, danis
h, dutch, ukenglish, usenglishmax, esperanto, estonian, ethiopic, farsi, finnis
h, french, friulan, galician, german, ngerman, swissgerman, monogreek, greek, h
ungarian, icelandic, assamese, bengali, gujarati, hindi, kannada, malayalam, ma
rathi, oriya, panjabi, tamil, telugu, indonesian, interlingua, irish, italian, 
kurmanji, latin, latvian, lithuanian, mongolian, mongolianlmc, bokmal, nynorsk,
 polish, portuguese, romanian, romansh, russian, sanskrit, serbian, serbianc, s
lovak, slovenian, spanish, swedish, turkish, turkmen, ukrainian, uppersorbian, 
welsh, loaded.
CUSTOMISED FORMAT. Preloaded files:
        .
moderncv.cls    2013/02/09 v1.3.0 modern curriculum vitae and letter document c
lass
  size10.clo    2007/10/19 v1.4h Standard LaTeX file (size option)
etoolbox.sty    2011/01/03 v2.1 e-TeX tools for LaTeX
    etex.sty    1998/03/26 v2.0 eTeX basic definition package (PEB)
  ifthen.sty    2001/05/26 v1.1c Standard LaTeX ifthen package (DPC)
  xcolor.sty    2007/01/21 v2.11 LaTeX color extensions (UK)
   color.cfg    2007/01/18 v1.5 color configuration of teTeX/TeXLive
  pdftex.def    2011/05/27 v0.06d Graphics/color for pdfTeX
infwarerr.sty    2010/04/08 v1.3 Providing info/warning/error messages (HO)
 ltxcmds.sty    2011/11/09 v1.22 LaTeX kernel commands for general use (HO)
 fontenc.sty
   t1enc.def    2005/09/27 v1.99g Standard LaTeX file
 lmodern.sty    2009/10/30 v1.6 Latin Modern Fonts
     url.sty    2006/04/12  ver 3.3  Verb mode for urls, etc.
graphicx.sty    1999/02/16 v1.0f Enhanced LaTeX Graphics (DPC,SPQR)
  keyval.sty    1999/03/16 v1.13 key=value parser (DPC)
graphics.sty    2009/02/05 v1.0o Standard LaTeX Graphics (DPC,SPQR)
    trig.sty    1999/03/16 v1.09 sin cos tan (DPC)
graphics.cfg    2010/04/23 v1.9 graphics configuration of TeX Live
fancyhdr.sty    
tweaklist.sty    
    calc.sty    2007/08/22 v4.3 Infix arithmetic (KKT,FJ)
  xparse.sty    2012/04/23 v3570 L3 Experimental document command parser
   expl3.sty    2012/04/23 v3570 L3 Experimental code bundle wrapper
 l3names.sty    2012/03/04 v3494 L3 Experimental namespace for primitives
l3bootstrap.sty    2011/12/29 v3110 L3 Experimental bootstrap code
l3basics.sty    2012/03/04 v3491 L3 Experimental basic definitions
 l3expan.sty    2012/02/26 v3460 L3 Experimental argument expansion
    l3tl.sty    2012/03/04 v3490 L3 Experimental token lists
   l3seq.sty    2012/03/04 v3490 L3 Experimental sequences and stacks
   l3int.sty    2012/03/04 v3490 L3 Experimental integers
 l3quark.sty    2012/02/12 v3384 L3 Experimental quarks
   l3prg.sty    2012/03/04 v3490 L3 Experimental control structures
 l3clist.sty    2012/03/04 v3490 L3 Experimental comma separated lists
 l3token.sty    2012/03/04 v3491 L3 Experimental token manipulation
  l3prop.sty    2012/03/04 v3490 L3 Experimental property lists
   l3msg.sty    2012/04/23 v3568 L3 Experimental messages
  l3file.sty    2012/03/09 v3520 L3 Experimental file and I/O operations
  l3skip.sty    2012/03/05 v3499 L3 Experimental dimensions and skips
  l3keys.sty    2012/03/03 v3487 L3 Experimental key-value interfaces
    l3fp.sty    2012/03/04 v3490 L3 Experimental floating-point operations
   l3box.sty    2012/03/04 v3490 L3 Experimental boxes
l3coffins.sty    2012/03/03 v3482 L3 Experimental coffin code layer
 l3color.sty    2011/09/07 v2776 L3 Experimental colour support
l3luatex.sty    2012/02/09 v3355 L3 Experimental LuaTeX-specific functions
microtype.sty    2010/01/10 v2.4 Micro-typography with pdfTeX (RS)
microtype.cfg    2010/01/10 v2.4 microtype main configuration file (RS)
moderncvcompatibility.sty    2013/02/09 v1.3.0 modern curriculum vitae and lett
er compatibility patches
collection.sty    2013/03/28 v1.0.0 collections
moderncvstyleclassic.sty    2013/02/09 v1.3.0 modern curriculum vitae and lette
r style scheme: classic
moderncviconsmarvosym.sty    2013/02/09 v1.3.0 modern curriculum vitae and lett
er icons: marvosym
    umvs.fd
moderncvcolorblack.sty    2013/02/09 v1.3.0 modern curriculum vitae and letter 
color scheme: black
inputenc.sty    2008/03/30 v1.1d Input encoding file
    utf8.def    2008/04/05 v1.1m UTF-8 support for inputenc
   t1enc.dfu    2008/04/05 v1.1m UTF-8 support for inputenc
  ot1enc.dfu    2008/04/05 v1.1m UTF-8 support for inputenc
  omsenc.dfu    2008/04/05 v1.1m UTF-8 support for inputenc
geometry.sty    2010/09/12 v5.6 Page Geometry
   ifpdf.sty    2011/01/30 v2.3 Provides the ifpdf switch (HO)
  ifvtex.sty    2010/03/01 v1.5 Detect VTeX and its facilities (HO)
 ifxetex.sty    2010/09/12 v0.6 Provides ifxetex conditional
  pifont.sty    2005/04/12 PSNFSS-v9.2a Pi font support (SPQR) 
    upzd.fd    2001/06/04 font definitions for U/pzd.
    upsy.fd    2001/06/04 font definitions for U/psy.
hyperref.sty    2012/05/13 v6.82q Hypertext links for LaTeX
hobsub-hyperref.sty    2012/05/28 v1.13 Bundle oberdiek, subset hyperref (HO)
hobsub-generic.sty    2012/05/28 v1.13 Bundle oberdiek, subset generic (HO)
  hobsub.sty    2012/05/28 v1.13 Construct package bundles (HO)
ifluatex.sty    2010/03/01 v1.3 Provides the ifluatex switch (HO)
 intcalc.sty    2007/09/27 v1.1 Expandable calculations with integers (HO)
etexcmds.sty    2011/02/16 v1.5 Avoid name clashes with e-TeX commands (HO)
kvsetkeys.sty    2012/04/25 v1.16 Key value parser (HO)
kvdefinekeys.sty    2011/04/07 v1.3 Define keys (HO)
pdftexcmds.sty    2011/11/29 v0.20 Utility functions of pdfTeX for LuaTeX (HO)
pdfescape.sty    2011/11/25 v1.13 Implements pdfTeX's escape features (HO)
bigintcalc.sty    2012/04/08 v1.3 Expandable calculations on big integers (HO)
  bitset.sty    2011/01/30 v1.1 Handle bit-vector datatype (HO)
uniquecounter.sty    2011/01/30 v1.2 Provide unlimited unique counter (HO)
letltxmacro.sty    2010/09/02 v1.4 Let assignment for LaTeX macros (HO)
 hopatch.sty    2012/05/28 v1.2 Wrapper for package hooks (HO)
xcolor-patch.sty    2011/01/30 xcolor patch
atveryend.sty    2011/06/30 v1.8 Hooks at the very end of document (HO)
atbegshi.sty    2011/10/05 v1.16 At begin shipout hook (HO)
refcount.sty    2011/10/16 v3.4 Data extraction from label references (HO)
 hycolor.sty    2011/01/30 v1.7 Color options for hyperref/bookmark (HO)
kvoptions.sty    2011/06/30 v3.11 Key value format for package options (HO)
  pd1enc.def    2012/05/13 v6.82q Hyperref: PDFDocEncoding definition (HO)
hyperref.cfg    2002/06/06 v1.2 hyperref configuration of TeXLive
   puenc.def    2012/05/13 v6.82q Hyperref: PDF Unicode definition (HO)
 hpdftex.def    2012/05/13 v6.82q Hyperref driver for pdfTeX
rerunfilecheck.sty    2011/04/15 v1.7 Rerun checks for auxiliary files (HO)
  ot1lmr.fd    2009/10/30 v1.6 Font defs for Latin Modern
  omllmm.fd    2009/10/30 v1.6 Font defs for Latin Modern
 omslmsy.fd    2009/10/30 v1.6 Font defs for Latin Modern
 omxlmex.fd    2009/10/30 v1.6 Font defs for Latin Modern
   t1lmr.fd    2009/10/30 v1.6 Font defs for Latin Modern
  t1lmtt.fd    2009/10/30 v1.6 Font defs for Latin Modern
  t1lmss.fd    2009/10/30 v1.6 Font defs for Latin Modern
        .
No file _region_.aux.
LaTeX Font Info:    Checking defaults for OML/cmm/m/it on input line 81.
LaTeX Font Info:    ... okay on input line 81.
LaTeX Font Info:    Checking defaults for T1/cmr/m/n on input line 81.
LaTeX Font Info:    ... okay on input line 81.
LaTeX Font Info:    Checking defaults for OT1/cmr/m/n on input line 81.
LaTeX Font Info:    ... okay on input line 81.
LaTeX Font Info:    Checking defaults for OMS/cmsy/m/n on input line 81.
LaTeX Font Info:    ... okay on input line 81.
LaTeX Font Info:    Checking defaults for OMX/cmex/m/n on input line 81.
LaTeX Font Info:    ... okay on input line 81.
LaTeX Font Info:    Checking defaults for U/cmr/m/n on input line 81.
LaTeX Font Info:    ... okay on input line 81.
LaTeX Font Info:    Checking defaults for PD1/pdf/m/n on input line 81.
LaTeX Font Info:    ... okay on input line 81.
LaTeX Font Info:    Checking defaults for PU/pdf/m/n on input line 81.
LaTeX Font Info:    ... okay on input line 81.
(/usr/local/texlive/2012/texmf-dist/tex/latex/preview/preview.sty
Package: preview 2010/02/14 11.86 (AUCTeX/preview-latex)

(/usr/local/texlive/2012/texmf-dist/tex/latex/preview/prtightpage.def
\PreviewBorder=\dimen153
)
(/usr/local/texlive/2012/texmf-dist/tex/latex/preview/prauctex.def
No auxiliary output files.


\hbadness=\count178
\hfuzz=\dimen154
(/usr/local/texlive/2012/texmf-dist/tex/latex/preview/prauctex.cfg))
(/usr/local/texlive/2012/texmf-dist/tex/latex/preview/prfootnotes.def)
\pr@snippet=\count179
\pr@box=\box36
\pr@output=\toks19

Preview: Fontsize 10pt
Preview: PDFoutput 1
) (/usr/local/texlive/2012/texmf-dist/tex/context/base/supp-pdf.mkii
[Loading MPS to PDF converter (version 2006.09.02).]
\scratchcounter=\count180
\scratchdimen=\dimen155
\scratchbox=\box37
\nofMPsegments=\count181
\nofMParguments=\count182
\everyMPshowfont=\toks20
\MPscratchCnt=\count183
\MPscratchDim=\dimen156
\MPnumerator=\count184
\makeMPintoPDFobject=\count185
\everyMPtoPDFconversion=\toks21
) (/usr/local/texlive/2012/texmf-dist/tex/latex/oberdiek/epstopdf-base.sty
Package: epstopdf-base 2010/02/09 v2.5 Base part for package epstopdf

(/usr/local/texlive/2012/texmf-dist/tex/latex/oberdiek/grfext.sty
Package: grfext 2010/08/19 v1.1 Manage graphics extensions (HO)
)
Package grfext Info: Graphics extension search list:
(grfext)             [.png,.pdf,.jpg,.mps,.jpeg,.jbig2,.jb2,.PNG,.PDF,.JPG,.JPE
G,.JBIG2,.JB2,.eps]
(grfext)             \AppendGraphicsExtensions on input line 452.

(/usr/local/texlive/2012/texmf-dist/tex/latex/latexconfig/epstopdf-sys.cfg
File: epstopdf-sys.cfg 2010/07/13 v1.3 Configuration of (r)epstopdf for TeX Liv
e
))
LaTeX Info: Redefining \microtypecontext on input line 81.
Package microtype Info: Generating PDF output.
Package microtype Info: Character protrusion enabled (level 2).
Package microtype Info: Using default protrusion set `alltext'.
Package microtype Info: Automatic font expansion enabled (level 2),
(microtype)             stretch: 20, shrink: 20, step: 1, non-selected.
Package microtype Info: Using default expansion set `basictext'.
Package microtype Info: No tracking.
Package microtype Info: No adjustment of interword spacing.
Package microtype Info: No adjustment of character kerning.

(/usr/local/texlive/2012/texmf-dist/tex/latex/microtype/mt-cmr.cfg
File: mt-cmr.cfg 2009/11/09 v2.0 microtype config. file: Computer Modern Roman 
(RS)
)
*geometry* driver: auto-detecting
*geometry* detected driver: pdftex
*geometry* verbose mode - [ preamble ] result:
* driver: pdftex
* paper: a4paper
* layout: <same size as paper>
* layoutoffset:(h,v)=(0.0pt,0.0pt)
* modes: 
* h-part:(L,W,R)=(59.74988pt, 478.00812pt, 59.74988pt)
* v-part:(T,H,B)=(67.60269pt, 676.04005pt, 101.4041pt)
* \paperwidth=597.50787pt
* \paperheight=845.04684pt
* \textwidth=478.00812pt
* \textheight=777.2176pt
* \oddsidemargin=-12.52011pt
* \evensidemargin=-12.52011pt
* \topmargin=-77.80229pt
* \headheight=12.0pt
* \headsep=25.0pt
* \topskip=10.0pt
* \footskip=30.0pt
* \marginparwidth=57.0pt
* \marginparsep=11.0pt
* \columnsep=10.0pt
* \skip\footins=9.0pt plus 4.0pt minus 2.0pt
* \hoffset=0.0pt
* \voffset=0.0pt
* \mag=1000
* \@twocolumnfalse
* \@twosidefalse
* \@mparswitchfalse
* \@reversemarginfalse
* (1in=72.27pt=25.4mm, 1cm=28.453pt)

\AtBeginShipoutBox=\box38
Package hyperref Info: Link coloring OFF on input line 81.
(/usr/local/texlive/2012/texmf-dist/tex/latex/hyperref/nameref.sty
Package: nameref 2010/04/30 v2.40 Cross-referencing by name of section

(/usr/local/texlive/2012/texmf-dist/tex/generic/oberdiek/gettitlestring.sty
Package: gettitlestring 2010/12/03 v1.4 Cleanup title references (HO)
)
\c@section@level=\count186
)
LaTeX Info: Redefining \ref on input line 81.
LaTeX Info: Redefining \pageref on input line 81.
LaTeX Info: Redefining \nameref on input line 81.

 !name(luisZavaleta_ingles.tex) !offset(-3) 
 !name(luisZavaleta_ingles.tex) !offset(209) 
Package atveryend Info: Empty hook `BeforeClearDocument' on input line 90.
Package atveryend Info: Empty hook `AfterLastShipout' on input line 90.
Package atveryend Info: Executing hook `AtVeryEndDocument' on input line 90.
Package atveryend Info: Empty hook `AtEndAfterFileList' on input line 90.
 ) 
Here is how much of TeX's memory you used:
 874 strings out of 479794
 14313 string characters out of 2925091
 334102 words of memory out of 3000000
 17627 multiletter control sequences out of 15000+200000
 41259 words of font info for 41 fonts, out of 3000000 for 9000
 957 hyphenation exceptions out of 8191
 29i,1n,23p,337b,103s stack positions out of 5000i,500n,10000p,200000b,50000s

No pages of output.
PDF statistics:
 3 PDF objects out of 1000 (max. 8388607)
 1 compressed objects within 1 object stream
 0 named destinations out of 1000 (max. 500000)
 4097 words of extra memory for PDF output out of 10000 (max. 10000000)

